[12-Feb-2020 13:10:52 UTC] PHP Warning:  require(/home3/trepakpk/public_html/usedswedenmachines.com/vendor/composer/../laravel/framework/src/Illuminate/Foundation/helpers.php): failed to open stream: No such file or directory in /home3/trepakpk/public_html/usedswedenmachines.com/vendor/composer/autoload_real.php on line 66
[12-Feb-2020 13:10:52 UTC] PHP Warning:  require(/home3/trepakpk/public_html/usedswedenmachines.com/vendor/composer/../laravel/framework/src/Illuminate/Foundation/helpers.php): failed to open stream: No such file or directory in /home3/trepakpk/public_html/usedswedenmachines.com/vendor/composer/autoload_real.php on line 66
[12-Feb-2020 13:10:52 UTC] PHP Fatal error:  require(): Failed opening required '/home3/trepakpk/public_html/usedswedenmachines.com/vendor/composer/../laravel/framework/src/Illuminate/Foundation/helpers.php' (include_path='.:/opt/cpanel/ea-php72/root/usr/share/pear') in /home3/trepakpk/public_html/usedswedenmachines.com/vendor/composer/autoload_real.php on line 66
[12-Feb-2020 13:10:54 UTC] PHP Warning:  require(/home3/trepakpk/public_html/usedswedenmachines.com/vendor/composer/../laravel/framework/src/Illuminate/Foundation/helpers.php): failed to open stream: No such file or directory in /home3/trepakpk/public_html/usedswedenmachines.com/vendor/composer/autoload_real.php on line 66
[12-Feb-2020 13:10:54 UTC] PHP Warning:  require(/home3/trepakpk/public_html/usedswedenmachines.com/vendor/composer/../laravel/framework/src/Illuminate/Foundation/helpers.php): failed to open stream: No such file or directory in /home3/trepakpk/public_html/usedswedenmachines.com/vendor/composer/autoload_real.php on line 66
[12-Feb-2020 13:10:54 UTC] PHP Fatal error:  require(): Failed opening required '/home3/trepakpk/public_html/usedswedenmachines.com/vendor/composer/../laravel/framework/src/Illuminate/Foundation/helpers.php' (include_path='.:/opt/cpanel/ea-php72/root/usr/share/pear') in /home3/trepakpk/public_html/usedswedenmachines.com/vendor/composer/autoload_real.php on line 66
[12-Feb-2020 13:10:56 UTC] PHP Fatal error:  Uncaught RuntimeException: A facade root has not been set. in /home3/trepakpk/public_html/usedswedenmachines.com/vendor/laravel/framework/src/Illuminate/Support/Facades/Facade.php:242
Stack trace:
#0 /home3/trepakpk/public_html/usedswedenmachines.com/vendor/laravel/framework/src/Illuminate/Foundation/Exceptions/Handler.php(407): Illuminate\Support\Facades\Facade::__callStatic('replaceNamespac...', Array)
#1 /home3/trepakpk/public_html/usedswedenmachines.com/vendor/laravel/framework/src/Illuminate/Foundation/Exceptions/Handler.php(384): Illuminate\Foundation\Exceptions\Handler->registerErrorViewPaths()
#2 /home3/trepakpk/public_html/usedswedenmachines.com/vendor/laravel/framework/src/Illuminate/Foundation/Exceptions/Handler.php(295): Illuminate\Foundation\Exceptions\Handler->renderHttpException(Object(Symfony\Component\HttpKernel\Exception\HttpException))
#3 /home3/trepakpk/public_html/usedswedenmachines.com/vendor/laravel/framework/src/Illuminate/Foundation/Exceptions/Handler.php(192): Illuminate\Foundation\E in /home3/trepakpk/public_html/usedswedenmachines.com/vendor/laravel/framework/src/Illuminate/Support/Facades/Facade.php on line 242
[02-Apr-2020 10:03:38 America/Boise] PHP Warning:  Maximum number of allowable file uploads has been exceeded in Unknown on line 0
[02-Apr-2020 10:04:38 America/Boise] PHP Warning:  Maximum number of allowable file uploads has been exceeded in Unknown on line 0
[02-Apr-2020 10:05:41 America/Boise] PHP Warning:  Maximum number of allowable file uploads has been exceeded in Unknown on line 0
[02-Apr-2020 10:06:30 America/Boise] PHP Warning:  Maximum number of allowable file uploads has been exceeded in Unknown on line 0
[02-Apr-2020 10:07:31 America/Boise] PHP Warning:  Maximum number of allowable file uploads has been exceeded in Unknown on line 0
[02-Apr-2020 10:08:26 America/Boise] PHP Warning:  Maximum number of allowable file uploads has been exceeded in Unknown on line 0
[02-Apr-2020 10:09:15 America/Boise] PHP Warning:  Maximum number of allowable file uploads has been exceeded in Unknown on line 0
[02-Apr-2020 10:10:16 America/Boise] PHP Warning:  Maximum number of allowable file uploads has been exceeded in Unknown on line 0
[02-Apr-2020 10:11:17 America/Boise] PHP Warning:  Maximum number of allowable file uploads has been exceeded in Unknown on line 0
[02-Apr-2020 10:12:19 America/Boise] PHP Warning:  Maximum number of allowable file uploads has been exceeded in Unknown on line 0
[02-Apr-2020 10:13:26 America/Boise] PHP Warning:  Maximum number of allowable file uploads has been exceeded in Unknown on line 0
[02-Apr-2020 10:14:28 America/Boise] PHP Warning:  Maximum number of allowable file uploads has been exceeded in Unknown on line 0
[02-Apr-2020 10:15:23 America/Boise] PHP Warning:  Maximum number of allowable file uploads has been exceeded in Unknown on line 0
[21-Apr-2020 12:27:29 America/Boise] PHP Warning:  Maximum number of allowable file uploads has been exceeded in Unknown on line 0
[21-Apr-2020 12:27:36 America/Boise] PHP Warning:  Maximum number of allowable file uploads has been exceeded in Unknown on line 0
[21-Apr-2020 12:27:38 America/Boise] PHP Warning:  Maximum number of allowable file uploads has been exceeded in Unknown on line 0
[21-Apr-2020 12:27:43 America/Boise] PHP Warning:  Maximum number of allowable file uploads has been exceeded in Unknown on line 0
[21-Apr-2020 12:27:47 America/Boise] PHP Warning:  Maximum number of allowable file uploads has been exceeded in Unknown on line 0
[21-Apr-2020 12:27:50 America/Boise] PHP Warning:  Maximum number of allowable file uploads has been exceeded in Unknown on line 0
[26-Apr-2020 01:43:18 America/Boise] PHP Parse error:  syntax error, unexpected '=' in /home3/trepakpk/public_html/usedswedenmachines.com/vendor/laravel/framework/src/Illuminate/Support/Arr.php on line 384
[26-Apr-2020 01:43:39 America/Boise] PHP Parse error:  syntax error, unexpected '=' in /home3/trepakpk/public_html/usedswedenmachines.com/vendor/laravel/framework/src/Illuminate/Support/Arr.php on line 384
[26-Apr-2020 02:09:35] PHP Warning:  require_once(__DIR__/public/index.php) [<a href='function.require-once'>function.require-once</a>]: failed to open stream: No such file or directory in /home3/trepakpk/public_html/usedswedenmachines.com/index.php on line 21
[26-Apr-2020 02:09:35] PHP Fatal error:  require_once() [<a href='function.require'>function.require</a>]: Failed opening required '__DIR__/public/index.php' (include_path='.:/usr/lib64/php:/usr/lib/php:/usr/share/pear') in /home3/trepakpk/public_html/usedswedenmachines.com/index.php on line 21
[26-Apr-2020 02:09:45] PHP Warning:  require_once(__DIR__/public/index.php) [<a href='function.require-once'>function.require-once</a>]: failed to open stream: No such file or directory in /home3/trepakpk/public_html/usedswedenmachines.com/index.php on line 21
[26-Apr-2020 02:09:45] PHP Fatal error:  require_once() [<a href='function.require'>function.require</a>]: Failed opening required '__DIR__/public/index.php' (include_path='.:/usr/lib64/php:/usr/lib/php:/usr/share/pear') in /home3/trepakpk/public_html/usedswedenmachines.com/index.php on line 21
[26-Apr-2020 02:09:54] PHP Warning:  require_once(__DIR__/public/index.php) [<a href='function.require-once'>function.require-once</a>]: failed to open stream: No such file or directory in /home3/trepakpk/public_html/usedswedenmachines.com/index.php on line 21
[26-Apr-2020 02:09:54] PHP Fatal error:  require_once() [<a href='function.require'>function.require</a>]: Failed opening required '__DIR__/public/index.php' (include_path='.:/usr/lib64/php:/usr/lib/php:/usr/share/pear') in /home3/trepakpk/public_html/usedswedenmachines.com/index.php on line 21
[26-Apr-2020 02:09:55] PHP Warning:  require_once(__DIR__/public/index.php) [<a href='function.require-once'>function.require-once</a>]: failed to open stream: No such file or directory in /home3/trepakpk/public_html/usedswedenmachines.com/index.php on line 21
[26-Apr-2020 02:09:55] PHP Fatal error:  require_once() [<a href='function.require'>function.require</a>]: Failed opening required '__DIR__/public/index.php' (include_path='.:/usr/lib64/php:/usr/lib/php:/usr/share/pear') in /home3/trepakpk/public_html/usedswedenmachines.com/index.php on line 21
[26-Apr-2020 02:09:55] PHP Warning:  require_once(__DIR__/public/index.php) [<a href='function.require-once'>function.require-once</a>]: failed to open stream: No such file or directory in /home3/trepakpk/public_html/usedswedenmachines.com/index.php on line 21
[26-Apr-2020 02:09:55] PHP Fatal error:  require_once() [<a href='function.require'>function.require</a>]: Failed opening required '__DIR__/public/index.php' (include_path='.:/usr/lib64/php:/usr/lib/php:/usr/share/pear') in /home3/trepakpk/public_html/usedswedenmachines.com/index.php on line 21
[26-Apr-2020 02:09:59] PHP Warning:  require_once(__DIR__/public/index.php) [<a href='function.require-once'>function.require-once</a>]: failed to open stream: No such file or directory in /home3/trepakpk/public_html/usedswedenmachines.com/index.php on line 21
[26-Apr-2020 02:09:59] PHP Fatal error:  require_once() [<a href='function.require'>function.require</a>]: Failed opening required '__DIR__/public/index.php' (include_path='.:/usr/lib64/php:/usr/lib/php:/usr/share/pear') in /home3/trepakpk/public_html/usedswedenmachines.com/index.php on line 21
[26-Apr-2020 02:10:02] PHP Warning:  require_once(__DIR__/public/index.php) [<a href='function.require-once'>function.require-once</a>]: failed to open stream: No such file or directory in /home3/trepakpk/public_html/usedswedenmachines.com/index.php on line 21
[26-Apr-2020 02:10:02] PHP Fatal error:  require_once() [<a href='function.require'>function.require</a>]: Failed opening required '__DIR__/public/index.php' (include_path='.:/usr/lib64/php:/usr/lib/php:/usr/share/pear') in /home3/trepakpk/public_html/usedswedenmachines.com/index.php on line 21
[26-Apr-2020 02:10:08] PHP Warning:  require_once(__DIR__/public/index.php) [<a href='function.require-once'>function.require-once</a>]: failed to open stream: No such file or directory in /home3/trepakpk/public_html/usedswedenmachines.com/index.php on line 21
[26-Apr-2020 02:10:08] PHP Fatal error:  require_once() [<a href='function.require'>function.require</a>]: Failed opening required '__DIR__/public/index.php' (include_path='.:/usr/lib64/php:/usr/lib/php:/usr/share/pear') in /home3/trepakpk/public_html/usedswedenmachines.com/index.php on line 21
[26-Apr-2020 02:10:13] PHP Warning:  require_once(__DIR__/public/index.php) [<a href='function.require-once'>function.require-once</a>]: failed to open stream: No such file or directory in /home3/trepakpk/public_html/usedswedenmachines.com/index.php on line 21
[26-Apr-2020 02:10:13] PHP Fatal error:  require_once() [<a href='function.require'>function.require</a>]: Failed opening required '__DIR__/public/index.php' (include_path='.:/usr/lib64/php:/usr/lib/php:/usr/share/pear') in /home3/trepakpk/public_html/usedswedenmachines.com/index.php on line 21
[26-Apr-2020 02:10:36] PHP Warning:  require_once(__DIR__/public/index.php) [<a href='function.require-once'>function.require-once</a>]: failed to open stream: No such file or directory in /home3/trepakpk/public_html/usedswedenmachines.com/index.php on line 21
[26-Apr-2020 02:10:36] PHP Fatal error:  require_once() [<a href='function.require'>function.require</a>]: Failed opening required '__DIR__/public/index.php' (include_path='.:/usr/lib64/php:/usr/lib/php:/usr/share/pear') in /home3/trepakpk/public_html/usedswedenmachines.com/index.php on line 21
[26-Apr-2020 02:10:42] PHP Warning:  require_once(__DIR__/public/index.php) [<a href='function.require-once'>function.require-once</a>]: failed to open stream: No such file or directory in /home3/trepakpk/public_html/usedswedenmachines.com/index.php on line 21
[26-Apr-2020 02:10:42] PHP Fatal error:  require_once() [<a href='function.require'>function.require</a>]: Failed opening required '__DIR__/public/index.php' (include_path='.:/usr/lib64/php:/usr/lib/php:/usr/share/pear') in /home3/trepakpk/public_html/usedswedenmachines.com/index.php on line 21
[26-Apr-2020 02:15:39 America/Boise] PHP Parse error:  syntax error, unexpected '=' in /home3/trepakpk/public_html/usedswedenmachines.com/vendor/laravel/framework/src/Illuminate/Support/Arr.php on line 384
[26-Apr-2020 02:15:41 America/Boise] PHP Parse error:  syntax error, unexpected '=' in /home3/trepakpk/public_html/usedswedenmachines.com/vendor/laravel/framework/src/Illuminate/Support/Arr.php on line 384
[26-Apr-2020 02:15:42 America/Boise] PHP Parse error:  syntax error, unexpected '=' in /home3/trepakpk/public_html/usedswedenmachines.com/vendor/laravel/framework/src/Illuminate/Support/Arr.php on line 384
[21-Nov-2020 05:12:04 UTC] PHP Fatal error:  Cannot redeclare App\Http\Controllers\Home::purchaseForm() in /home/jozqrl09rs2p/public_html/usm.obuy.pk/app/Http/Controllers/Home.php on line 226
[21-Nov-2020 05:13:28 UTC] PHP Fatal error:  Cannot redeclare App\Http\Controllers\Home::purchaseForm() in /home/jozqrl09rs2p/public_html/usm.obuy.pk/app/Http/Controllers/Home.php on line 221
[21-Nov-2020 05:13:38 UTC] PHP Fatal error:  Cannot redeclare App\Http\Controllers\Home::purchaseForm() in /home/jozqrl09rs2p/public_html/usm.obuy.pk/app/Http/Controllers/Home.php on line 221
[21-Nov-2020 05:13:54 UTC] PHP Fatal error:  Cannot redeclare App\Http\Controllers\Home::purchaseForm() in /home/jozqrl09rs2p/public_html/usm.obuy.pk/app/Http/Controllers/Home.php on line 221
[21-Nov-2020 11:20:49 UTC] PHP Fatal error:  Cannot use PHPMailer\PHPMailer\PHPMailer as PHPMailer because the name is already in use in /home/jozqrl09rs2p/public_html/usm.obuy.pk/app/Http/Controllers/Home.php on line 31
[21-Nov-2020 11:21:01 UTC] PHP Fatal error:  Cannot use PHPMailer\PHPMailer\PHPMailer as PHPMailer because the name is already in use in /home/jozqrl09rs2p/public_html/usm.obuy.pk/app/Http/Controllers/Home.php on line 31
[23-Nov-2020 07:07:04 UTC] PHP Fatal error:  Cannot use Mail as Mail because the name is already in use in /home/jozqrl09rs2p/public_html/usm.obuy.pk/app/Http/Controllers/Home.php on line 30
[23-Nov-2020 19:56:58 UTC] PHP Fatal error:  Access level to Swift_Transport_StreamBuffer::$_sequence must be protected (as in class Swift_ByteStream_AbstractFilterableInputStream) or weaker in /home/jozqrl09rs2p/public_html/usm.obuy.pk/vendor/swiftmailer/swiftmailer/lib/classes/Swift/Transport/StreamBuffer.php on line 16
[23-Nov-2020 20:06:30 UTC] PHP Fatal error:  Access level to Swift_Transport_StreamBuffer::$_sequence must be protected (as in class Swift_ByteStream_AbstractFilterableInputStream) or weaker in /home/jozqrl09rs2p/public_html/usm.obuy.pk/vendor/swiftmailer/swiftmailer/lib/classes/Swift/Transport/StreamBuffer.php on line 16
[23-Nov-2020 20:08:00 UTC] PHP Fatal error:  Access level to Swift_Transport_StreamBuffer::$_sequence must be protected (as in class Swift_ByteStream_AbstractFilterableInputStream) or weaker in /home/jozqrl09rs2p/public_html/usm.obuy.pk/vendor/swiftmailer/swiftmailer/lib/classes/Swift/Transport/StreamBuffer.php on line 16
[23-Nov-2020 20:09:40 UTC] PHP Fatal error:  Access level to Swift_Transport_StreamBuffer::$_sequence must be protected (as in class Swift_ByteStream_AbstractFilterableInputStream) or weaker in /home/jozqrl09rs2p/public_html/usm.obuy.pk/vendor/swiftmailer/swiftmailer/lib/classes/Swift/Transport/StreamBuffer.php on line 16
[23-Nov-2020 20:10:40 UTC] PHP Fatal error:  Access level to Swift_Transport_StreamBuffer::$_sequence must be protected (as in class Swift_ByteStream_AbstractFilterableInputStream) or weaker in /home/jozqrl09rs2p/public_html/usm.obuy.pk/vendor/swiftmailer/swiftmailer/lib/classes/Swift/Transport/StreamBuffer.php on line 16
[23-Nov-2020 20:11:37 UTC] PHP Fatal error:  Access level to Swift_Transport_StreamBuffer::$_sequence must be protected (as in class Swift_ByteStream_AbstractFilterableInputStream) or weaker in /home/jozqrl09rs2p/public_html/usm.obuy.pk/vendor/swiftmailer/swiftmailer/lib/classes/Swift/Transport/StreamBuffer.php on line 16
[24-Nov-2020 16:35:14 UTC] PHP Warning:  include(/home/jozqrl09rs2p/public_html/usm.obuy.pk/vendor/composer/../../app/Http/Kernel.php): failed to open stream: No such file or directory in /home/jozqrl09rs2p/public_html/usm.obuy.pk/vendor/composer/ClassLoader.php on line 444
[24-Nov-2020 16:35:14 UTC] PHP Warning:  include(): Failed opening '/home/jozqrl09rs2p/public_html/usm.obuy.pk/vendor/composer/../../app/Http/Kernel.php' for inclusion (include_path='.:/opt/alt/php74/usr/share/pear') in /home/jozqrl09rs2p/public_html/usm.obuy.pk/vendor/composer/ClassLoader.php on line 444
[24-Nov-2020 16:35:14 UTC] PHP Fatal error:  Uncaught ReflectionException: Class App\Http\Kernel does not exist in /home/jozqrl09rs2p/public_html/usm.obuy.pk/vendor/laravel/framework/src/Illuminate/Container/Container.php:803
Stack trace:
#0 /home/jozqrl09rs2p/public_html/usm.obuy.pk/vendor/laravel/framework/src/Illuminate/Container/Container.php(803): ReflectionClass->__construct('App\\Http\\Kernel')
#1 /home/jozqrl09rs2p/public_html/usm.obuy.pk/vendor/laravel/framework/src/Illuminate/Container/Container.php(681): Illuminate\Container\Container->build('App\\Http\\Kernel')
#2 /home/jozqrl09rs2p/public_html/usm.obuy.pk/vendor/laravel/framework/src/Illuminate/Foundation/Application.php(785): Illuminate\Container\Container->resolve('App\\Http\\Kernel', Array, false)
#3 /home/jozqrl09rs2p/public_html/usm.obuy.pk/vendor/laravel/framework/src/Illuminate/Container/Container.php(265): Illuminate\Foundation\Application->resolve('App\\Http\\Kernel', Array, false)
#4 /home/jozqrl09rs2p/public_html/usm.obuy.pk/vendor/laravel/framework/src/Illuminate/Container/Conta in /home/jozqrl09rs2p/public_html/usm.obuy.pk/vendor/laravel/framework/src/Illuminate/Container/Container.php on line 805
[24-Nov-2020 16:35:15 UTC] PHP Warning:  include(/home/jozqrl09rs2p/public_html/usm.obuy.pk/vendor/composer/../../app/Http/Kernel.php): failed to open stream: No such file or directory in /home/jozqrl09rs2p/public_html/usm.obuy.pk/vendor/composer/ClassLoader.php on line 444
[24-Nov-2020 16:35:15 UTC] PHP Warning:  include(): Failed opening '/home/jozqrl09rs2p/public_html/usm.obuy.pk/vendor/composer/../../app/Http/Kernel.php' for inclusion (include_path='.:/opt/alt/php74/usr/share/pear') in /home/jozqrl09rs2p/public_html/usm.obuy.pk/vendor/composer/ClassLoader.php on line 444
[24-Nov-2020 16:35:15 UTC] PHP Fatal error:  Uncaught ReflectionException: Class App\Http\Kernel does not exist in /home/jozqrl09rs2p/public_html/usm.obuy.pk/vendor/laravel/framework/src/Illuminate/Container/Container.php:803
Stack trace:
#0 /home/jozqrl09rs2p/public_html/usm.obuy.pk/vendor/laravel/framework/src/Illuminate/Container/Container.php(803): ReflectionClass->__construct('App\\Http\\Kernel')
#1 /home/jozqrl09rs2p/public_html/usm.obuy.pk/vendor/laravel/framework/src/Illuminate/Container/Container.php(681): Illuminate\Container\Container->build('App\\Http\\Kernel')
#2 /home/jozqrl09rs2p/public_html/usm.obuy.pk/vendor/laravel/framework/src/Illuminate/Foundation/Application.php(785): Illuminate\Container\Container->resolve('App\\Http\\Kernel', Array, false)
#3 /home/jozqrl09rs2p/public_html/usm.obuy.pk/vendor/laravel/framework/src/Illuminate/Container/Container.php(265): Illuminate\Foundation\Application->resolve('App\\Http\\Kernel', Array, false)
#4 /home/jozqrl09rs2p/public_html/usm.obuy.pk/vendor/laravel/framework/src/Illuminate/Container/Conta in /home/jozqrl09rs2p/public_html/usm.obuy.pk/vendor/laravel/framework/src/Illuminate/Container/Container.php on line 805
[24-Nov-2020 16:35:17 UTC] PHP Warning:  include(/home/jozqrl09rs2p/public_html/usm.obuy.pk/vendor/composer/../../app/Http/Kernel.php): failed to open stream: No such file or directory in /home/jozqrl09rs2p/public_html/usm.obuy.pk/vendor/composer/ClassLoader.php on line 444
[24-Nov-2020 16:35:17 UTC] PHP Warning:  include(): Failed opening '/home/jozqrl09rs2p/public_html/usm.obuy.pk/vendor/composer/../../app/Http/Kernel.php' for inclusion (include_path='.:/opt/alt/php74/usr/share/pear') in /home/jozqrl09rs2p/public_html/usm.obuy.pk/vendor/composer/ClassLoader.php on line 444
[24-Nov-2020 16:35:17 UTC] PHP Fatal error:  Uncaught ReflectionException: Class App\Http\Kernel does not exist in /home/jozqrl09rs2p/public_html/usm.obuy.pk/vendor/laravel/framework/src/Illuminate/Container/Container.php:803
Stack trace:
#0 /home/jozqrl09rs2p/public_html/usm.obuy.pk/vendor/laravel/framework/src/Illuminate/Container/Container.php(803): ReflectionClass->__construct('App\\Http\\Kernel')
#1 /home/jozqrl09rs2p/public_html/usm.obuy.pk/vendor/laravel/framework/src/Illuminate/Container/Container.php(681): Illuminate\Container\Container->build('App\\Http\\Kernel')
#2 /home/jozqrl09rs2p/public_html/usm.obuy.pk/vendor/laravel/framework/src/Illuminate/Foundation/Application.php(785): Illuminate\Container\Container->resolve('App\\Http\\Kernel', Array, false)
#3 /home/jozqrl09rs2p/public_html/usm.obuy.pk/vendor/laravel/framework/src/Illuminate/Container/Container.php(265): Illuminate\Foundation\Application->resolve('App\\Http\\Kernel', Array, false)
#4 /home/jozqrl09rs2p/public_html/usm.obuy.pk/vendor/laravel/framework/src/Illuminate/Container/Conta in /home/jozqrl09rs2p/public_html/usm.obuy.pk/vendor/laravel/framework/src/Illuminate/Container/Container.php on line 805
[24-Nov-2020 16:35:20 UTC] PHP Warning:  include(/home/jozqrl09rs2p/public_html/usm.obuy.pk/vendor/composer/../../app/Http/Kernel.php): failed to open stream: No such file or directory in /home/jozqrl09rs2p/public_html/usm.obuy.pk/vendor/composer/ClassLoader.php on line 444
[24-Nov-2020 16:35:20 UTC] PHP Warning:  include(): Failed opening '/home/jozqrl09rs2p/public_html/usm.obuy.pk/vendor/composer/../../app/Http/Kernel.php' for inclusion (include_path='.:/opt/alt/php74/usr/share/pear') in /home/jozqrl09rs2p/public_html/usm.obuy.pk/vendor/composer/ClassLoader.php on line 444
[24-Nov-2020 16:35:20 UTC] PHP Fatal error:  Uncaught ReflectionException: Class App\Http\Kernel does not exist in /home/jozqrl09rs2p/public_html/usm.obuy.pk/vendor/laravel/framework/src/Illuminate/Container/Container.php:803
Stack trace:
#0 /home/jozqrl09rs2p/public_html/usm.obuy.pk/vendor/laravel/framework/src/Illuminate/Container/Container.php(803): ReflectionClass->__construct('App\\Http\\Kernel')
#1 /home/jozqrl09rs2p/public_html/usm.obuy.pk/vendor/laravel/framework/src/Illuminate/Container/Container.php(681): Illuminate\Container\Container->build('App\\Http\\Kernel')
#2 /home/jozqrl09rs2p/public_html/usm.obuy.pk/vendor/laravel/framework/src/Illuminate/Foundation/Application.php(785): Illuminate\Container\Container->resolve('App\\Http\\Kernel', Array, false)
#3 /home/jozqrl09rs2p/public_html/usm.obuy.pk/vendor/laravel/framework/src/Illuminate/Container/Container.php(265): Illuminate\Foundation\Application->resolve('App\\Http\\Kernel', Array, false)
#4 /home/jozqrl09rs2p/public_html/usm.obuy.pk/vendor/laravel/framework/src/Illuminate/Container/Conta in /home/jozqrl09rs2p/public_html/usm.obuy.pk/vendor/laravel/framework/src/Illuminate/Container/Container.php on line 805
[26-Nov-2020 11:36:29 UTC] PHP Fatal error:  Allowed memory size of 134217728 bytes exhausted (tried to allocate 24576 bytes) in /home/jozqrl09rs2p/public_html/usm.obuy.pk/vendor/laravel/framework/src/Illuminate/View/Concerns/ManagesLayouts.php on line 94
[26-Nov-2020 11:36:37 UTC] PHP Fatal error:  Allowed memory size of 134217728 bytes exhausted (tried to allocate 24576 bytes) in /home/jozqrl09rs2p/public_html/usm.obuy.pk/vendor/laravel/framework/src/Illuminate/View/Concerns/ManagesLayouts.php on line 94
[26-Nov-2020 11:36:42 UTC] PHP Fatal error:  Allowed memory size of 134217728 bytes exhausted (tried to allocate 24576 bytes) in /home/jozqrl09rs2p/public_html/usm.obuy.pk/vendor/laravel/framework/src/Illuminate/View/Concerns/ManagesLayouts.php on line 94
[26-Nov-2020 11:36:58 UTC] PHP Fatal error:  Allowed memory size of 134217728 bytes exhausted (tried to allocate 32768 bytes) in /home/jozqrl09rs2p/public_html/usm.obuy.pk/storage/framework/views/9383d5fa43270585be346e48435aedb7f719fbde.php on line 1
[26-Nov-2020 11:37:03 UTC] PHP Fatal error:  Allowed memory size of 134217728 bytes exhausted (tried to allocate 32768 bytes) in /home/jozqrl09rs2p/public_html/usm.obuy.pk/storage/framework/views/9383d5fa43270585be346e48435aedb7f719fbde.php on line 1
[26-Nov-2020 11:37:07 UTC] PHP Fatal error:  Allowed memory size of 134217728 bytes exhausted (tried to allocate 32768 bytes) in /home/jozqrl09rs2p/public_html/usm.obuy.pk/storage/framework/views/9383d5fa43270585be346e48435aedb7f719fbde.php on line 1
[26-Nov-2020 11:37:51 UTC] PHP Fatal error:  Allowed memory size of 134217728 bytes exhausted (tried to allocate 32768 bytes) in /home/jozqrl09rs2p/public_html/usm.obuy.pk/storage/framework/views/9383d5fa43270585be346e48435aedb7f719fbde.php on line 1
[26-Nov-2020 11:38:35 UTC] PHP Fatal error:  Allowed memory size of 134217728 bytes exhausted (tried to allocate 32768 bytes) in /home/jozqrl09rs2p/public_html/usm.obuy.pk/storage/framework/views/9383d5fa43270585be346e48435aedb7f719fbde.php on line 1
[26-Nov-2020 11:38:45 UTC] PHP Fatal error:  Allowed memory size of 134217728 bytes exhausted (tried to allocate 24576 bytes) in /home/jozqrl09rs2p/public_html/usm.obuy.pk/vendor/laravel/framework/src/Illuminate/View/Concerns/ManagesLayouts.php on line 94
[26-Nov-2020 11:38:57 UTC] PHP Fatal error:  Allowed memory size of 134217728 bytes exhausted (tried to allocate 32768 bytes) in /home/jozqrl09rs2p/public_html/usm.obuy.pk/storage/framework/views/9383d5fa43270585be346e48435aedb7f719fbde.php on line 1
[26-Nov-2020 11:39:12 UTC] PHP Fatal error:  Allowed memory size of 134217728 bytes exhausted (tried to allocate 24576 bytes) in /home/jozqrl09rs2p/public_html/usm.obuy.pk/vendor/laravel/framework/src/Illuminate/View/Concerns/ManagesLayouts.php on line 94
[26-Nov-2020 11:39:37 UTC] PHP Fatal error:  Allowed memory size of 134217728 bytes exhausted (tried to allocate 24576 bytes) in /home/jozqrl09rs2p/public_html/usm.obuy.pk/vendor/laravel/framework/src/Illuminate/View/Concerns/ManagesLayouts.php on line 94
[26-Nov-2020 11:39:44 UTC] PHP Fatal error:  Allowed memory size of 134217728 bytes exhausted (tried to allocate 24576 bytes) in /home/jozqrl09rs2p/public_html/usm.obuy.pk/vendor/laravel/framework/src/Illuminate/View/Concerns/ManagesLayouts.php on line 94
[26-Nov-2020 11:40:15 UTC] PHP Fatal error:  Allowed memory size of 134217728 bytes exhausted (tried to allocate 32768 bytes) in /home/jozqrl09rs2p/public_html/usm.obuy.pk/storage/framework/views/9383d5fa43270585be346e48435aedb7f719fbde.php on line 1
[26-Nov-2020 11:40:23 UTC] PHP Fatal error:  Allowed memory size of 134217728 bytes exhausted (tried to allocate 24576 bytes) in /home/jozqrl09rs2p/public_html/usm.obuy.pk/vendor/laravel/framework/src/Illuminate/View/Concerns/ManagesLayouts.php on line 94
[26-Nov-2020 11:40:27 UTC] PHP Fatal error:  Allowed memory size of 134217728 bytes exhausted (tried to allocate 24576 bytes) in /home/jozqrl09rs2p/public_html/usm.obuy.pk/vendor/laravel/framework/src/Illuminate/View/Concerns/ManagesLayouts.php on line 94
[26-Nov-2020 11:41:05 UTC] PHP Fatal error:  Allowed memory size of 134217728 bytes exhausted (tried to allocate 24576 bytes) in /home/jozqrl09rs2p/public_html/usm.obuy.pk/vendor/laravel/framework/src/Illuminate/View/Concerns/ManagesLayouts.php on line 94
[22-Dec-2020 06:37:50 UTC] PHP Fatal error:  Cannot use App\Subscriber as Subscriber because the name is already in use in /home/jozqrl09rs2p/public_html/usm.obuy.pk/app/Http/Controllers/API.php on line 18
[07-Jan-2021 05:54:58 UTC] PHP Fatal error:  Cannot redeclare phpslug() (previously declared in /home/jozqrl09rs2p/public_html/usm.obuy.pk/storage/framework/views/1462f09e4561715e3a4e153149904620f37f714a.php:410) in /home/jozqrl09rs2p/public_html/usm.obuy.pk/storage/framework/views/1462f09e4561715e3a4e153149904620f37f714a.php on line 410
[07-Jan-2021 05:56:05 UTC] PHP Fatal error:  Cannot redeclare phpslug() (previously declared in /home/jozqrl09rs2p/public_html/usm.obuy.pk/storage/framework/views/1462f09e4561715e3a4e153149904620f37f714a.php:410) in /home/jozqrl09rs2p/public_html/usm.obuy.pk/storage/framework/views/1462f09e4561715e3a4e153149904620f37f714a.php on line 410
[27-Jan-2021 07:42:02 UTC] PHP Fatal error:  Cannot use Illuminate\Support\Facades\DB as DB because the name is already in use in /home/jozqrl09rs2p/public_html/usm.obuy.pk/app/Http/Controllers/Products.php on line 17
